<?xml version="1.0" encoding="UTF-8"?>
<!-- Generated by org.testng.reporters.JUnitReportReporter -->
<testsuite hostname="MSI" name="com.first.challenge.tests.ZResultPageTest" tests="1" failures="0" timestamp="12 Oct 2019 09:52:13 GMT" time="39.515" errors="0">
  <testcase name="testSearch" time="39.515" classname="com.first.challenge.tests.ZResultPageTest"/>
</testsuite> <!-- com.first.challenge.tests.ZResultPageTest -->
